<?xml version="1.0" encoding="UTF-8"?>
<!-- Generated by org.testng.reporters.JUnitXMLReporter -->
<testsuite hostname="Rishi-PC" ignored="0" name="sprint1" tests="4" failures="0" timestamp="11 May 2019 14:47:50 GMT" time="79.203" errors="0">
  <testcase name="windowHandle" time="28.121" classname="testNgClasses.HandleTabUsingWindowHandles"/>
  <testcase name="tooltipCheck" time="14.844" classname="testNgClasses.TooltipActitimeRemCheckbox"/>
  <testcase name="mouseOperation" time="25.444" classname="testNgClasses.KeyBoardMouseOperation"/>
  <testcase name="googleSearch" time="10.729" classname="testNgClasses.GoogleSearch"/>
</testsuite> <!-- sprint1 -->
