<?xml version="1.0" encoding="UTF-8"?>
<!-- Generated by org.testng.reporters.JUnitXMLReporter -->
<testsuite hostname="Rishi-PC" ignored="0" name="sprint2" tests="5" failures="1" timestamp="11 May 2019 14:53:54 GMT" time="77.094" errors="0">
  <testcase name="windowHandle" time="26.311" classname="testNgClasses.HandleTabUsingWindowHandles"/>
  <testcase name="test" time="0.011" classname="testNgClasses.NewTest">
    <failure type="java.lang.AssertionError" message="expected [true] but found [false]">
      <![CDATA[java.lang.AssertionError: expected [true] but found [false]
at testNgClasses.NewTest.test(NewTest.java:9)
... Removed 29 stack frames]]>
    </failure>
  </testcase> <!-- test -->
  <testcase name="tooltipCheck" time="14.153" classname="testNgClasses.TooltipActitimeRemCheckbox"/>
  <testcase name="mouseOperation" time="24.816" classname="testNgClasses.KeyBoardMouseOperation"/>
  <testcase name="googleSearch" time="11.696" classname="testNgClasses.GoogleSearch"/>
</testsuite> <!-- sprint2 -->
