<?xml version="1.0" encoding="UTF-8"?>
<!-- Generated by org.testng.reporters.JUnitXMLReporter -->
<testsuite hostname="Rishi-PC" ignored="0" name="Test" tests="3" failures="1" timestamp="11 May 2019 21:01:42 GMT" time="39.47" errors="0">
  <testcase name="googleSearch" time="12.326" classname="listenersDemo.MyFirstTestCase2"/>
  <testcase name="mouseOperation" time="27.074" classname="listenersDemo.MyFirstTestCase2"/>
  <testcase name="test" time="0.007" classname="listenersDemo.MyFirstTestCase2">
    <failure type="java.lang.AssertionError" message="expected [true] but found [false]">
      <![CDATA[java.lang.AssertionError: expected [true] but found [false]
at listenersDemo.MyFirstTestCase2.test(MyFirstTestCase2.java:86)
... Removed 29 stack frames]]>
    </failure>
  </testcase> <!-- test -->
</testsuite> <!-- Test -->
