<?xml version="1.0" encoding="UTF-8"?>
<!-- Generated by org.testng.reporters.JUnitXMLReporter -->
<testsuite hostname="Rishi-PC" ignored="0" name="Test" tests="7" failures="0" timestamp="21 Nov 2018 06:15:06 GMT" time="313.638" errors="0">
  <testcase name="titleTest" time="0.023" classname="testNgBasics.GoogleTitleTest"/>
  <testcase name="googleLogoTest" time="0.122" classname="testNgBasics.GoogleTitleTest"/>
  <testcase name="mailLinkText" time="0.069" classname="testNgBasics.GoogleTitleTest"/>
  <testcase name="getUrl" time="0.018" classname="testNgBasics.GoogleTitleTest"/>
  <testcase name="test1" time="0.002" classname="testNgBasics.GoogleTitleTest"/>
  <testcase name="test2" time="0.003" classname="testNgBasics.GoogleTitleTest"/>
  <testcase name="test3" time="0.002" classname="testNgBasics.GoogleTitleTest"/>
</testsuite> <!-- Test -->
