<?xml version="1.0" encoding="UTF-8"?>
<!-- Generated by org.testng.reporters.JUnitXMLReporter -->
<testsuite hostname="Rishi-PC" ignored="0" name="sprint2(failed)" tests="1" failures="1" timestamp="11 May 2019 16:39:11 GMT" time="0.069" errors="0">
  <testcase name="test" time="0.024" classname="testNgClasses.NewTest">
    <failure type="java.lang.AssertionError" message="expected [true] but found [false]">
      <![CDATA[java.lang.AssertionError: expected [true] but found [false]
at testNgClasses.NewTest.test(NewTest.java:9)
at runner.TestRunner.main(TestRunner.java:16)
... Removed 26 stack frames]]>
    </failure>
  </testcase> <!-- test -->
</testsuite> <!-- sprint2(failed) -->
