<?xml version="1.0" encoding="UTF-8"?>
<testng-results skipped="0" failed="0" ignored="0" total="2" passed="2">
  <reporter-output>
  </reporter-output>
  <suite name="Default suite" duration-ms="101014" started-at="2019-03-12T11:02:32Z" finished-at="2019-03-12T11:04:13Z">
    <groups>
    </groups>
    <test name="Default test" duration-ms="101014" started-at="2019-03-12T11:02:32Z" finished-at="2019-03-12T11:04:13Z">
      <class name="azadSeleniumProg.ContexClicActionClass">
        <test-method status="PASS" signature="setup()[pri:0, instance:azadSeleniumProg.ContexClicActionClass@1c27452]" name="setup" is-config="true" duration-ms="5621" started-at="2019-03-12T11:02:32Z" finished-at="2019-03-12T11:02:38Z">
          <reporter-output>
          </reporter-output>
        </test-method> <!-- setup -->
        <test-method status="PASS" signature="test2()[pri:1, instance:azadSeleniumProg.ContexClicActionClass@1c27452]" name="test2" duration-ms="36395" started-at="2019-03-12T11:02:38Z" finished-at="2019-03-12T11:03:14Z">
          <reporter-output>
          </reporter-output>
        </test-method> <!-- test2 -->
        <test-method status="PASS" signature="teardown()[pri:0, instance:azadSeleniumProg.ContexClicActionClass@1c27452]" name="teardown" is-config="true" duration-ms="1534" started-at="2019-03-12T11:03:14Z" finished-at="2019-03-12T11:03:16Z">
          <reporter-output>
          </reporter-output>
        </test-method> <!-- teardown -->
        <test-method status="PASS" signature="setup()[pri:0, instance:azadSeleniumProg.ContexClicActionClass@1c27452]" name="setup" is-config="true" duration-ms="5139" started-at="2019-03-12T11:03:16Z" finished-at="2019-03-12T11:03:21Z">
          <reporter-output>
          </reporter-output>
        </test-method> <!-- setup -->
        <test-method status="PASS" signature="test()[pri:2, instance:azadSeleniumProg.ContexClicActionClass@1c27452]" name="test" duration-ms="50930" started-at="2019-03-12T11:03:21Z" finished-at="2019-03-12T11:04:12Z">
          <reporter-output>
          </reporter-output>
        </test-method> <!-- test -->
        <test-method status="PASS" signature="teardown()[pri:0, instance:azadSeleniumProg.ContexClicActionClass@1c27452]" name="teardown" is-config="true" duration-ms="1334" started-at="2019-03-12T11:04:12Z" finished-at="2019-03-12T11:04:13Z">
          <reporter-output>
          </reporter-output>
        </test-method> <!-- teardown -->
      </class> <!-- azadSeleniumProg.ContexClicActionClass -->
    </test> <!-- Default test -->
  </suite> <!-- Default suite -->
</testng-results>
